<?xml version="1.0" encoding="UTF-8"?>
<testsuites name="Checkout" time="108.439" tests="2" failures="0" errors="0">
   <testsuite name="Checkout" tests="2" failures="0" errors="0" time="108.439" skipped="0" timestamp="2023-01-26 13:48:40" hostname="Muhifa - iiYzy" id="Test Suites/TS002 - Checkout/Checkout">
      <properties>
         <property name="deviceName" value="emulator-5554 (sdk_gphone_x86 - Android 11)"/>
         <property name="devicePlatform" value=""/>
         <property name="logFolder" value="C:\\Users\\Muhifa\\git\\Quiz-Day-8-Katalon-Mobile-Testing\\Reports\\20230126_134836\\TS002 - Checkout\\Checkout\\20230126_134836"/>
         <property name="logFiles" value="C:\\Users\\Muhifa\\git\\Quiz-Day-8-Katalon-Mobile-Testing\\Reports\\20230126_134836\\TS002 - Checkout\\Checkout\\20230126_134836\\appium.log, C:\\Users\\Muhifa\\git\\Quiz-Day-8-Katalon-Mobile-Testing\\Reports\\20230126_134836\\TS002 - Checkout\\Checkout\\20230126_134836\\execution0.log"/>
         <property name="attachments" value=""/>
         <property name="hostName" value="Muhifa - iiYzy"/>
         <property name="os" value="Windows 10 64bit"/>
         <property name="appiumServerStatus" value="{&quot;value&quot;:{&quot;build&quot;:{&quot;version&quot;:&quot;1.22.3&quot;}},&quot;sessionId&quot;:null,&quot;status&quot;:0}"/>
         <property name="katalonVersion" value="8.5.5.208"/>
         <property name="deviceOS" value="Android"/>
         <property name="appiumVersion" value="1.22.3"/>
         <property name="deviceModel" value="sdk_gphone_x86"/>
         <property name="hostAddress" value="192.168.100.27"/>
         <property name="deviceManufacturer" value="Google"/>
         <property name="deviceId" value="emulator-5554"/>
         <property name="deviceName" value="emulator-5554 (sdk_gphone_x86 - Android 11)"/>
         <property name="deviceOSVersion" value="11"/>
      </properties>
      <testcase name="Test Cases/TC002 - Checkout/C001 - Checkout (Positive)" time="56.261" classname="Test Cases/TC002 - Checkout/C001 - Checkout (Positive)" status="PASSED">
         <system-out><![CDATA[2023-01-26 13:48:40 - [TEST_CASE][PASSED] - Test Cases/TC002 - Checkout/C001 - Checkout (Positive): Test Cases/TC002 - Checkout/C001 - Checkout (Positive)

2023-01-26 13:48:40 - [TEST_STEP][PASSED] - startApplication("C:\Users\Muhifa\Downloads\Android-MyDemoAppRN.1.2.0.build-231.apk", true): Started app at: 'C:\Users\Muhifa\Downloads\Android-MyDemoAppRN.1.2.0.build-231.apk'

2023-01-26 13:48:41 - [MESSAGE][INFO] - Detected NodeJS location: "C:\Program Files\nodejs\node.exe"

2023-01-26 13:48:43 - [MESSAGE][INFO] - Appium server started on port 51,541

2023-01-26 13:48:58 - [MESSAGE][PASSED] - Started app at: 'C:\Users\Muhifa\Downloads\Android-MyDemoAppRN.1.2.0.build-231.apk'

2023-01-26 13:48:58 - [TEST_STEP][PASSED] - tap(findTestObject("Object Repository/Checkout/android.widget.TextView - Sauce Labs Backpack"), 0): Tapped on element 'Object Repository/Checkout/android.widget.TextView - Sauce Labs Backpack'

2023-01-26 13:48:58 - [MESSAGE][WARNING] - Timeout '0' is invalid. Using default page load timeout: '30'

2023-01-26 13:49:00 - [MESSAGE][PASSED] - Tapped on element 'Object Repository/Checkout/android.widget.TextView - Sauce Labs Backpack'

2023-01-26 13:49:00 - [TEST_STEP][PASSED] - scrollToText("Add To Cart"): Scrolling to text 'Add To Cart' successfully

2023-01-26 13:49:04 - [MESSAGE][PASSED] - Scrolling to text 'Add To Cart' successfully

2023-01-26 13:49:04 - [TEST_STEP][PASSED] - tap(findTestObject("Object Repository/Checkout/android.widget.TextView - Add To Cart"), 0): Tapped on element 'Object Repository/Checkout/android.widget.TextView - Add To Cart'

2023-01-26 13:49:04 - [MESSAGE][WARNING] - Timeout '0' is invalid. Using default page load timeout: '30'

2023-01-26 13:49:04 - [MESSAGE][PASSED] - Tapped on element 'Object Repository/Checkout/android.widget.TextView - Add To Cart'

2023-01-26 13:49:04 - [TEST_STEP][PASSED] - tap(findTestObject("Object Repository/Checkout/android.widget.ImageView"), 0): Tapped on element 'Object Repository/Checkout/android.widget.ImageView'

2023-01-26 13:49:04 - [MESSAGE][WARNING] - Timeout '0' is invalid. Using default page load timeout: '30'

2023-01-26 13:49:05 - [MESSAGE][PASSED] - Tapped on element 'Object Repository/Checkout/android.widget.ImageView'

2023-01-26 13:49:05 - [TEST_STEP][PASSED] - tap(findTestObject("Object Repository/Checkout/android.widget.TextView - Proceed To Checkout"), 0): Tapped on element 'Object Repository/Checkout/android.widget.TextView - Proceed To Checkout'

2023-01-26 13:49:05 - [MESSAGE][WARNING] - Timeout '0' is invalid. Using default page load timeout: '30'

2023-01-26 13:49:06 - [MESSAGE][PASSED] - Tapped on element 'Object Repository/Checkout/android.widget.TextView - Proceed To Checkout'

2023-01-26 13:49:06 - [TEST_STEP][PASSED] - setText(findTestObject("Object Repository/Checkout/android.widget.EditText"), "bob@example.com", 0): Text 'bob@example.com' has been set to element 'Object Repository/Checkout/android.widget.EditText'

2023-01-26 13:49:06 - [MESSAGE][WARNING] - Timeout '0' is invalid. Using default page load timeout: '30'

2023-01-26 13:49:08 - [MESSAGE][PASSED] - Text 'bob@example.com' has been set to element 'Object Repository/Checkout/android.widget.EditText'

2023-01-26 13:49:08 - [TEST_STEP][PASSED] - setEncryptedText(findTestObject("Object Repository/Checkout/android.widget.EditText (1)"), "dbXIBZ66cuht4KTRMDozZw==", 0): Encrypted text 'dbXIBZ66cuht4KTRMDozZw==' has been set to element 'Object Repository/Checkout/android.widget.EditText (1)'

2023-01-26 13:49:08 - [MESSAGE][WARNING] - Timeout '0' is invalid. Using default page load timeout: '30'

2023-01-26 13:49:09 - [MESSAGE][PASSED] - Encrypted text 'dbXIBZ66cuht4KTRMDozZw==' has been set to element 'Object Repository/Checkout/android.widget.EditText (1)'

2023-01-26 13:49:09 - [TEST_STEP][PASSED] - tap(findTestObject("Object Repository/Checkout/android.widget.TextView - Login"), 0): Tapped on element 'Object Repository/Checkout/android.widget.TextView - Login'

2023-01-26 13:49:09 - [MESSAGE][WARNING] - Timeout '0' is invalid. Using default page load timeout: '30'

2023-01-26 13:49:10 - [MESSAGE][PASSED] - Tapped on element 'Object Repository/Checkout/android.widget.TextView - Login'

2023-01-26 13:49:10 - [TEST_STEP][PASSED] - setText(findTestObject("Object Repository/Checkout/android.widget.EditText - Rebecca Winter"), "M iqbal", 0): Text 'M iqbal' has been set to element 'Object Repository/Checkout/android.widget.EditText - Rebecca Winter'

2023-01-26 13:49:10 - [MESSAGE][WARNING] - Timeout '0' is invalid. Using default page load timeout: '30'

2023-01-26 13:49:12 - [MESSAGE][PASSED] - Text 'M iqbal' has been set to element 'Object Repository/Checkout/android.widget.EditText - Rebecca Winter'

2023-01-26 13:49:12 - [TEST_STEP][PASSED] - setText(findTestObject("Object Repository/Checkout/android.widget.EditText - Mandorley 112"), "telukjambe timur", 0): Text 'telukjambe timur' has been set to element 'Object Repository/Checkout/android.widget.EditText - Mandorley 112'

2023-01-26 13:49:12 - [MESSAGE][WARNING] - Timeout '0' is invalid. Using default page load timeout: '30'

2023-01-26 13:49:14 - [MESSAGE][PASSED] - Text 'telukjambe timur' has been set to element 'Object Repository/Checkout/android.widget.EditText - Mandorley 112'

2023-01-26 13:49:14 - [TEST_STEP][PASSED] - setText(findTestObject("Object Repository/Checkout/android.widget.EditText - Entrance 1"), "puseurjaya", 0): Text 'puseurjaya' has been set to element 'Object Repository/Checkout/android.widget.EditText - Entrance 1'

2023-01-26 13:49:14 - [MESSAGE][WARNING] - Timeout '0' is invalid. Using default page load timeout: '30'

2023-01-26 13:49:16 - [MESSAGE][PASSED] - Text 'puseurjaya' has been set to element 'Object Repository/Checkout/android.widget.EditText - Entrance 1'

2023-01-26 13:49:16 - [TEST_STEP][PASSED] - setText(findTestObject("Object Repository/Checkout/android.widget.EditText - Truro"), "karawang", 0): Text 'karawang' has been set to element 'Object Repository/Checkout/android.widget.EditText - Truro'

2023-01-26 13:49:16 - [MESSAGE][WARNING] - Timeout '0' is invalid. Using default page load timeout: '30'

2023-01-26 13:49:17 - [MESSAGE][PASSED] - Text 'karawang' has been set to element 'Object Repository/Checkout/android.widget.EditText - Truro'

2023-01-26 13:49:17 - [TEST_STEP][PASSED] - setText(findTestObject("Object Repository/Checkout/android.widget.EditText - Cornwall"), "jawa barat", 0): Text 'jawa barat' has been set to element 'Object Repository/Checkout/android.widget.EditText - Cornwall'

2023-01-26 13:49:17 - [MESSAGE][WARNING] - Timeout '0' is invalid. Using default page load timeout: '30'

2023-01-26 13:49:19 - [MESSAGE][PASSED] - Text 'jawa barat' has been set to element 'Object Repository/Checkout/android.widget.EditText - Cornwall'

2023-01-26 13:49:19 - [TEST_STEP][PASSED] - scrollToText("Country"): Scrolling to text 'Country' successfully

2023-01-26 13:49:22 - [MESSAGE][PASSED] - Scrolling to text 'Country' successfully

2023-01-26 13:49:22 - [TEST_STEP][PASSED] - setText(findTestObject("Object Repository/Checkout/android.widget.EditText - 89750"), "41361", 0): Text '41361' has been set to element 'Object Repository/Checkout/android.widget.EditText - 89750'

2023-01-26 13:49:22 - [MESSAGE][WARNING] - Timeout '0' is invalid. Using default page load timeout: '30'

2023-01-26 13:49:24 - [MESSAGE][PASSED] - Text '41361' has been set to element 'Object Repository/Checkout/android.widget.EditText - 89750'

2023-01-26 13:49:24 - [TEST_STEP][PASSED] - setText(findTestObject("Object Repository/Checkout/android.widget.EditText - United Kingdom"), "Indonesia", 0): Text 'Indonesia' has been set to element 'Object Repository/Checkout/android.widget.EditText - United Kingdom'

2023-01-26 13:49:24 - [MESSAGE][WARNING] - Timeout '0' is invalid. Using default page load timeout: '30'

2023-01-26 13:49:25 - [MESSAGE][PASSED] - Text 'Indonesia' has been set to element 'Object Repository/Checkout/android.widget.EditText - United Kingdom'

2023-01-26 13:49:25 - [TEST_STEP][PASSED] - tap(findTestObject("Object Repository/Checkout/android.widget.TextView - To Payment"), 0): Tapped on element 'Object Repository/Checkout/android.widget.TextView - To Payment'

2023-01-26 13:49:25 - [MESSAGE][WARNING] - Timeout '0' is invalid. Using default page load timeout: '30'

2023-01-26 13:49:26 - [MESSAGE][PASSED] - Tapped on element 'Object Repository/Checkout/android.widget.TextView - To Payment'

2023-01-26 13:49:26 - [TEST_STEP][PASSED] - setText(findTestObject("Object Repository/Checkout/android.widget.EditText - Rebecca Winter (1)"), "Rebecca Winter", 0): Text 'Rebecca Winter' has been set to element 'Object Repository/Checkout/android.widget.EditText - Rebecca Winter (1)'

2023-01-26 13:49:26 - [MESSAGE][WARNING] - Timeout '0' is invalid. Using default page load timeout: '30'

2023-01-26 13:49:28 - [MESSAGE][PASSED] - Text 'Rebecca Winter' has been set to element 'Object Repository/Checkout/android.widget.EditText - Rebecca Winter (1)'

2023-01-26 13:49:28 - [TEST_STEP][PASSED] - setText(findTestObject("Object Repository/Checkout/android.widget.EditText - 3258 1265 7568 789"), "325812657568789", 0): Text '325812657568789' has been set to element 'Object Repository/Checkout/android.widget.EditText - 3258 1265 7568 789'

2023-01-26 13:49:29 - [MESSAGE][WARNING] - Timeout '0' is invalid. Using default page load timeout: '30'

2023-01-26 13:49:30 - [MESSAGE][PASSED] - Text '325812657568789' has been set to element 'Object Repository/Checkout/android.widget.EditText - 3258 1265 7568 789'

2023-01-26 13:49:30 - [TEST_STEP][PASSED] - setText(findTestObject("Object Repository/Checkout/android.widget.EditText - 0325"), "03/25", 0): Text '03/25' has been set to element 'Object Repository/Checkout/android.widget.EditText - 0325'

2023-01-26 13:49:30 - [MESSAGE][WARNING] - Timeout '0' is invalid. Using default page load timeout: '30'

2023-01-26 13:49:31 - [MESSAGE][PASSED] - Text '03/25' has been set to element 'Object Repository/Checkout/android.widget.EditText - 0325'

2023-01-26 13:49:31 - [TEST_STEP][PASSED] - setText(findTestObject("Object Repository/Checkout/android.widget.EditText - 123"), "123", 0): Text '123' has been set to element 'Object Repository/Checkout/android.widget.EditText - 123'

2023-01-26 13:49:31 - [MESSAGE][WARNING] - Timeout '0' is invalid. Using default page load timeout: '30'

2023-01-26 13:49:33 - [MESSAGE][PASSED] - Text '123' has been set to element 'Object Repository/Checkout/android.widget.EditText - 123'

2023-01-26 13:49:33 - [TEST_STEP][PASSED] - tap(findTestObject("Object Repository/Checkout/android.widget.TextView - Review Order"), 0): Tapped on element 'Object Repository/Checkout/android.widget.TextView - Review Order'

2023-01-26 13:49:33 - [MESSAGE][WARNING] - Timeout '0' is invalid. Using default page load timeout: '30'

2023-01-26 13:49:34 - [MESSAGE][PASSED] - Tapped on element 'Object Repository/Checkout/android.widget.TextView - Review Order'

2023-01-26 13:49:34 - [TEST_STEP][PASSED] - tap(findTestObject("Object Repository/Checkout/android.widget.TextView - Place Order"), 0): Tapped on element 'Object Repository/Checkout/android.widget.TextView - Place Order'

2023-01-26 13:49:34 - [MESSAGE][WARNING] - Timeout '0' is invalid. Using default page load timeout: '30'

2023-01-26 13:49:35 - [MESSAGE][PASSED] - Tapped on element 'Object Repository/Checkout/android.widget.TextView - Place Order'

2023-01-26 13:49:35 - [TEST_STEP][PASSED] - closeApplication(): Close app successfully

2023-01-26 13:49:36 - [MESSAGE][PASSED] - Close app successfully]]></system-out>
         <system-err><![CDATA[]]></system-err>
      </testcase>
      <testcase name="Test Cases/TC002 - Checkout/C002 - Checkout with empty shipping Address" time="51.809" classname="Test Cases/TC002 - Checkout/C002 - Checkout with empty shipping Address" status="PASSED">
         <system-out><![CDATA[2023-01-26 13:49:36 - [TEST_CASE][PASSED] - Test Cases/TC002 - Checkout/C002 - Checkout with empty shipping Address: Test Cases/TC002 - Checkout/C002 - Checkout with empty shipping Address

2023-01-26 13:49:37 - [TEST_STEP][PASSED] - startApplication("C:\Users\Muhifa\Downloads\Android-MyDemoAppRN.1.2.0.build-231.apk", true): Started app at: 'C:\Users\Muhifa\Downloads\Android-MyDemoAppRN.1.2.0.build-231.apk'

2023-01-26 13:49:37 - [MESSAGE][INFO] - Detected NodeJS location: "C:\Program Files\nodejs\node.exe"

2023-01-26 13:49:39 - [MESSAGE][INFO] - Appium server started on port 51,835

2023-01-26 13:49:52 - [MESSAGE][PASSED] - Started app at: 'C:\Users\Muhifa\Downloads\Android-MyDemoAppRN.1.2.0.build-231.apk'

2023-01-26 13:49:52 - [TEST_STEP][PASSED] - tap(findTestObject("Object Repository/Checkout/android.widget.TextView - Sauce Labs Backpack (2)"), 0): Tapped on element 'Object Repository/Checkout/android.widget.TextView - Sauce Labs Backpack (2)'

2023-01-26 13:49:52 - [MESSAGE][WARNING] - Timeout '0' is invalid. Using default page load timeout: '30'

2023-01-26 13:49:53 - [MESSAGE][PASSED] - Tapped on element 'Object Repository/Checkout/android.widget.TextView - Sauce Labs Backpack (2)'

2023-01-26 13:49:53 - [TEST_STEP][PASSED] - scrollToText("Add To Cart"): Scrolling to text 'Add To Cart' successfully

2023-01-26 13:49:56 - [MESSAGE][PASSED] - Scrolling to text 'Add To Cart' successfully

2023-01-26 13:49:56 - [TEST_STEP][PASSED] - tap(findTestObject("Object Repository/Checkout/android.widget.TextView - Add To Cart (2)"), 0): Tapped on element 'Object Repository/Checkout/android.widget.TextView - Add To Cart (2)'

2023-01-26 13:49:56 - [MESSAGE][WARNING] - Timeout '0' is invalid. Using default page load timeout: '30'

2023-01-26 13:49:57 - [MESSAGE][PASSED] - Tapped on element 'Object Repository/Checkout/android.widget.TextView - Add To Cart (2)'

2023-01-26 13:49:57 - [TEST_STEP][PASSED] - tap(findTestObject("Object Repository/Checkout/android.widget.ImageView (2)"), 0): Tapped on element 'Object Repository/Checkout/android.widget.ImageView (2)'

2023-01-26 13:49:57 - [MESSAGE][WARNING] - Timeout '0' is invalid. Using default page load timeout: '30'

2023-01-26 13:49:58 - [MESSAGE][PASSED] - Tapped on element 'Object Repository/Checkout/android.widget.ImageView (2)'

2023-01-26 13:49:58 - [TEST_STEP][PASSED] - tap(findTestObject("Object Repository/Checkout/android.widget.TextView - Proceed To Checkout (2)"), 0): Tapped on element 'Object Repository/Checkout/android.widget.TextView - Proceed To Checkout (2)'

2023-01-26 13:49:58 - [MESSAGE][WARNING] - Timeout '0' is invalid. Using default page load timeout: '30'

2023-01-26 13:49:59 - [MESSAGE][PASSED] - Tapped on element 'Object Repository/Checkout/android.widget.TextView - Proceed To Checkout (2)'

2023-01-26 13:49:59 - [TEST_STEP][PASSED] - tap(findTestObject("Object Repository/Checkout/android.widget.TextView - bobexample.com (1)"), 0): Tapped on element 'Object Repository/Checkout/android.widget.TextView - bobexample.com (1)'

2023-01-26 13:49:59 - [MESSAGE][WARNING] - Timeout '0' is invalid. Using default page load timeout: '30'

2023-01-26 13:50:00 - [MESSAGE][PASSED] - Tapped on element 'Object Repository/Checkout/android.widget.TextView - bobexample.com (1)'

2023-01-26 13:50:00 - [TEST_STEP][PASSED] - tap(findTestObject("Object Repository/Checkout/android.widget.TextView - Login (2)"), 0): Tapped on element 'Object Repository/Checkout/android.widget.TextView - Login (2)'

2023-01-26 13:50:00 - [MESSAGE][WARNING] - Timeout '0' is invalid. Using default page load timeout: '30'

2023-01-26 13:50:01 - [MESSAGE][PASSED] - Tapped on element 'Object Repository/Checkout/android.widget.TextView - Login (2)'

2023-01-26 13:50:01 - [TEST_STEP][PASSED] - setText(findTestObject("Object Repository/Checkout/android.widget.EditText - Rebecca Winter (4)"), " ", 0): Text ' ' has been set to element 'Object Repository/Checkout/android.widget.EditText - Rebecca Winter (4)'

2023-01-26 13:50:01 - [MESSAGE][WARNING] - Timeout '0' is invalid. Using default page load timeout: '30'

2023-01-26 13:50:04 - [MESSAGE][PASSED] - Text ' ' has been set to element 'Object Repository/Checkout/android.widget.EditText - Rebecca Winter (4)'

2023-01-26 13:50:04 - [TEST_STEP][PASSED] - setText(findTestObject("Object Repository/Checkout/android.widget.EditText - Mandorley 112 (2)"), " ", 0): Text ' ' has been set to element 'Object Repository/Checkout/android.widget.EditText - Mandorley 112 (2)'

2023-01-26 13:50:04 - [MESSAGE][WARNING] - Timeout '0' is invalid. Using default page load timeout: '30'

2023-01-26 13:50:05 - [MESSAGE][PASSED] - Text ' ' has been set to element 'Object Repository/Checkout/android.widget.EditText - Mandorley 112 (2)'

2023-01-26 13:50:05 - [TEST_STEP][PASSED] - setText(findTestObject("Object Repository/Checkout/android.widget.EditText - Entrance 1 (2)"), " ", 0): Text ' ' has been set to element 'Object Repository/Checkout/android.widget.EditText - Entrance 1 (2)'

2023-01-26 13:50:05 - [MESSAGE][WARNING] - Timeout '0' is invalid. Using default page load timeout: '30'

2023-01-26 13:50:07 - [MESSAGE][PASSED] - Text ' ' has been set to element 'Object Repository/Checkout/android.widget.EditText - Entrance 1 (2)'

2023-01-26 13:50:07 - [TEST_STEP][PASSED] - setText(findTestObject("Object Repository/Checkout/android.widget.EditText - Truro (2)"), " ", 0): Text ' ' has been set to element 'Object Repository/Checkout/android.widget.EditText - Truro (2)'

2023-01-26 13:50:07 - [MESSAGE][WARNING] - Timeout '0' is invalid. Using default page load timeout: '30'

2023-01-26 13:50:08 - [MESSAGE][PASSED] - Text ' ' has been set to element 'Object Repository/Checkout/android.widget.EditText - Truro (2)'

2023-01-26 13:50:08 - [TEST_STEP][PASSED] - setText(findTestObject("Object Repository/Checkout/android.widget.EditText - Cornwall (2)"), " ", 0): Text ' ' has been set to element 'Object Repository/Checkout/android.widget.EditText - Cornwall (2)'

2023-01-26 13:50:09 - [MESSAGE][WARNING] - Timeout '0' is invalid. Using default page load timeout: '30'

2023-01-26 13:50:10 - [MESSAGE][PASSED] - Text ' ' has been set to element 'Object Repository/Checkout/android.widget.EditText - Cornwall (2)'

2023-01-26 13:50:10 - [TEST_STEP][PASSED] - scrollToText("Country"): Scrolling to text 'Country' successfully

2023-01-26 13:50:14 - [MESSAGE][PASSED] - Scrolling to text 'Country' successfully

2023-01-26 13:50:14 - [TEST_STEP][PASSED] - setText(findTestObject("Object Repository/Checkout/android.widget.EditText - 89750 (2)"), " ", 0): Text ' ' has been set to element 'Object Repository/Checkout/android.widget.EditText - 89750 (2)'

2023-01-26 13:50:14 - [MESSAGE][WARNING] - Timeout '0' is invalid. Using default page load timeout: '30'

2023-01-26 13:50:15 - [MESSAGE][PASSED] - Text ' ' has been set to element 'Object Repository/Checkout/android.widget.EditText - 89750 (2)'

2023-01-26 13:50:15 - [TEST_STEP][PASSED] - setText(findTestObject("Object Repository/Checkout/android.widget.EditText - United Kingdom (2)"), " ", 0): Text ' ' has been set to element 'Object Repository/Checkout/android.widget.EditText - United Kingdom (2)'

2023-01-26 13:50:16 - [MESSAGE][WARNING] - Timeout '0' is invalid. Using default page load timeout: '30'

2023-01-26 13:50:17 - [MESSAGE][PASSED] - Text ' ' has been set to element 'Object Repository/Checkout/android.widget.EditText - United Kingdom (2)'

2023-01-26 13:50:17 - [TEST_STEP][PASSED] - tap(findTestObject("Object Repository/Checkout/android.widget.TextView - To Payment (2)"), 0): Tapped on element 'Object Repository/Checkout/android.widget.TextView - To Payment (2)'

2023-01-26 13:50:17 - [MESSAGE][WARNING] - Timeout '0' is invalid. Using default page load timeout: '30'

2023-01-26 13:50:18 - [MESSAGE][PASSED] - Tapped on element 'Object Repository/Checkout/android.widget.TextView - To Payment (2)'

2023-01-26 13:50:18 - [TEST_STEP][PASSED] - setText(findTestObject("Object Repository/Checkout/android.widget.EditText - Rebecca Winter (5)"), "Rebecca Winter", 0): Text 'Rebecca Winter' has been set to element 'Object Repository/Checkout/android.widget.EditText - Rebecca Winter (5)'

2023-01-26 13:50:18 - [MESSAGE][WARNING] - Timeout '0' is invalid. Using default page load timeout: '30'

2023-01-26 13:50:20 - [MESSAGE][PASSED] - Text 'Rebecca Winter' has been set to element 'Object Repository/Checkout/android.widget.EditText - Rebecca Winter (5)'

2023-01-26 13:50:20 - [TEST_STEP][PASSED] - setText(findTestObject("Object Repository/Checkout/android.widget.EditText - 3258 1265 7568 789 (2)"), "325812657568789", 0): Text '325812657568789' has been set to element 'Object Repository/Checkout/android.widget.EditText - 3258 1265 7568 789 (2)'

2023-01-26 13:50:20 - [MESSAGE][WARNING] - Timeout '0' is invalid. Using default page load timeout: '30'

2023-01-26 13:50:22 - [MESSAGE][PASSED] - Text '325812657568789' has been set to element 'Object Repository/Checkout/android.widget.EditText - 3258 1265 7568 789 (2)'

2023-01-26 13:50:22 - [TEST_STEP][PASSED] - setText(findTestObject("Object Repository/Checkout/android.widget.EditText - 0325 (2)"), "03/25", 0): Text '03/25' has been set to element 'Object Repository/Checkout/android.widget.EditText - 0325 (2)'

2023-01-26 13:50:22 - [MESSAGE][WARNING] - Timeout '0' is invalid. Using default page load timeout: '30'

2023-01-26 13:50:23 - [MESSAGE][PASSED] - Text '03/25' has been set to element 'Object Repository/Checkout/android.widget.EditText - 0325 (2)'

2023-01-26 13:50:23 - [TEST_STEP][PASSED] - setText(findTestObject("Object Repository/Checkout/android.widget.EditText - 123 (2)"), "123", 0): Text '123' has been set to element 'Object Repository/Checkout/android.widget.EditText - 123 (2)'

2023-01-26 13:50:23 - [MESSAGE][WARNING] - Timeout '0' is invalid. Using default page load timeout: '30'

2023-01-26 13:50:25 - [MESSAGE][PASSED] - Text '123' has been set to element 'Object Repository/Checkout/android.widget.EditText - 123 (2)'

2023-01-26 13:50:25 - [TEST_STEP][PASSED] - tap(findTestObject("Object Repository/Checkout/android.widget.TextView - Review Order (2)"), 0): Tapped on element 'Object Repository/Checkout/android.widget.TextView - Review Order (2)'

2023-01-26 13:50:25 - [MESSAGE][WARNING] - Timeout '0' is invalid. Using default page load timeout: '30'

2023-01-26 13:50:26 - [MESSAGE][PASSED] - Tapped on element 'Object Repository/Checkout/android.widget.TextView - Review Order (2)'

2023-01-26 13:50:26 - [TEST_STEP][PASSED] - tap(findTestObject("Object Repository/Checkout/android.widget.TextView - Place Order (1)"), 0): Tapped on element 'Object Repository/Checkout/android.widget.TextView - Place Order (1)'

2023-01-26 13:50:26 - [MESSAGE][WARNING] - Timeout '0' is invalid. Using default page load timeout: '30'

2023-01-26 13:50:27 - [MESSAGE][PASSED] - Tapped on element 'Object Repository/Checkout/android.widget.TextView - Place Order (1)'

2023-01-26 13:50:27 - [TEST_STEP][PASSED] - closeApplication(): Close app successfully

2023-01-26 13:50:28 - [MESSAGE][PASSED] - Close app successfully]]></system-out>
         <system-err><![CDATA[]]></system-err>
      </testcase>
      <system-out><![CDATA[2023-01-26 13:48:40 - [TEST_SUITE][PASSED] - Checkout: Test Cases/TC002 - Checkout/C002 - Checkout with empty shipping Address]]></system-out>
      <system-err><![CDATA[]]></system-err>
   </testsuite>
</testsuites>
