<?xml version="1.0" encoding="UTF-8"?>
<testsuites name="Login" time="71.826" tests="3" failures="0" errors="0">
   <testsuite name="Login" tests="3" failures="0" errors="0" time="71.826" skipped="0" timestamp="2023-01-26 13:17:46" hostname="Muhifa - iiYzy" id="Test Suites/TS001 - Login/Login">
      <properties>
         <property name="deviceName" value="emulator-5554 (sdk_gphone_x86 - Android 11)"/>
         <property name="devicePlatform" value=""/>
         <property name="logFolder" value="C:\\Users\\Muhifa\\git\\Quiz-Day-8-Katalon-Mobile-Testing\\Reports\\20230126_131742\\TS001 - Login\\Login\\20230126_131742"/>
         <property name="logFiles" value="C:\\Users\\Muhifa\\git\\Quiz-Day-8-Katalon-Mobile-Testing\\Reports\\20230126_131742\\TS001 - Login\\Login\\20230126_131742\\appium.log, C:\\Users\\Muhifa\\git\\Quiz-Day-8-Katalon-Mobile-Testing\\Reports\\20230126_131742\\TS001 - Login\\Login\\20230126_131742\\execution0.log"/>
         <property name="attachments" value=""/>
         <property name="hostName" value="Muhifa - iiYzy"/>
         <property name="os" value="Windows 10 64bit"/>
         <property name="appiumServerStatus" value="{&quot;value&quot;:{&quot;build&quot;:{&quot;version&quot;:&quot;1.22.3&quot;}},&quot;sessionId&quot;:null,&quot;status&quot;:0}"/>
         <property name="katalonVersion" value="8.5.5.208"/>
         <property name="deviceOS" value="Android"/>
         <property name="appiumVersion" value="1.22.3"/>
         <property name="deviceModel" value="sdk_gphone_x86"/>
         <property name="hostAddress" value="192.168.100.27"/>
         <property name="deviceManufacturer" value="Google"/>
         <property name="deviceId" value="emulator-5554"/>
         <property name="deviceName" value="emulator-5554 (sdk_gphone_x86 - Android 11)"/>
         <property name="deviceOSVersion" value="11"/>
      </properties>
      <testcase name="Test Cases/TC001 - Login/L001 - Login (Positive)" time="24.8" classname="Test Cases/TC001 - Login/L001 - Login (Positive)" status="PASSED">
         <system-out><![CDATA[2023-01-26 13:17:46 - [TEST_CASE][PASSED] - Test Cases/TC001 - Login/L001 - Login (Positive): Test Cases/TC001 - Login/L001 - Login (Positive)

2023-01-26 13:17:47 - [TEST_STEP][PASSED] - startApplication("C:\Users\Muhifa\Downloads\Android-MyDemoAppRN.1.2.0.build-231.apk", true): Started app at: 'C:\Users\Muhifa\Downloads\Android-MyDemoAppRN.1.2.0.build-231.apk'

2023-01-26 13:17:47 - [MESSAGE][INFO] - Detected NodeJS location: "C:\Program Files\nodejs\node.exe"

2023-01-26 13:17:49 - [MESSAGE][INFO] - Appium server started on port 63,584

2023-01-26 13:18:03 - [MESSAGE][PASSED] - Started app at: 'C:\Users\Muhifa\Downloads\Android-MyDemoAppRN.1.2.0.build-231.apk'

2023-01-26 13:18:03 - [TEST_STEP][PASSED] - tap(findTestObject("Object Repository/android.widget.ImageView"), 0): Tapped on element 'Object Repository/android.widget.ImageView'

2023-01-26 13:18:03 - [MESSAGE][WARNING] - Timeout '0' is invalid. Using default page load timeout: '30'

2023-01-26 13:18:04 - [MESSAGE][PASSED] - Tapped on element 'Object Repository/android.widget.ImageView'

2023-01-26 13:18:04 - [TEST_STEP][PASSED] - tap(findTestObject("Object Repository/android.widget.TextView - Log In"), 0): Tapped on element 'Object Repository/android.widget.TextView - Log In'

2023-01-26 13:18:04 - [MESSAGE][WARNING] - Timeout '0' is invalid. Using default page load timeout: '30'

2023-01-26 13:18:06 - [MESSAGE][PASSED] - Tapped on element 'Object Repository/android.widget.TextView - Log In'

2023-01-26 13:18:06 - [TEST_STEP][PASSED] - setText(findTestObject("Object Repository/android.widget.EditText"), "bob@example.com", 0): Text 'bob@example.com' has been set to element 'Object Repository/android.widget.EditText'

2023-01-26 13:18:06 - [MESSAGE][WARNING] - Timeout '0' is invalid. Using default page load timeout: '30'

2023-01-26 13:18:08 - [MESSAGE][PASSED] - Text 'bob@example.com' has been set to element 'Object Repository/android.widget.EditText'

2023-01-26 13:18:08 - [TEST_STEP][PASSED] - setEncryptedText(findTestObject("Object Repository/android.widget.EditText (1)"), "dbXIBZ66cuht4KTRMDozZw==", 0): Encrypted text 'dbXIBZ66cuht4KTRMDozZw==' has been set to element 'Object Repository/android.widget.EditText (1)'

2023-01-26 13:18:08 - [MESSAGE][WARNING] - Timeout '0' is invalid. Using default page load timeout: '30'

2023-01-26 13:18:09 - [MESSAGE][PASSED] - Encrypted text 'dbXIBZ66cuht4KTRMDozZw==' has been set to element 'Object Repository/android.widget.EditText (1)'

2023-01-26 13:18:09 - [TEST_STEP][PASSED] - tap(findTestObject("Object Repository/android.widget.TextView - Login"), 0): Tapped on element 'Object Repository/android.widget.TextView - Login'

2023-01-26 13:18:09 - [MESSAGE][WARNING] - Timeout '0' is invalid. Using default page load timeout: '30'

2023-01-26 13:18:10 - [MESSAGE][PASSED] - Tapped on element 'Object Repository/android.widget.TextView - Login'

2023-01-26 13:18:10 - [TEST_STEP][PASSED] - closeApplication(): Close app successfully

2023-01-26 13:18:11 - [MESSAGE][PASSED] - Close app successfully]]></system-out>
         <system-err><![CDATA[]]></system-err>
      </testcase>
      <testcase name="Test Cases/TC001 - Login/L002 - Login with Locked Account (Positive)" time="23.67" classname="Test Cases/TC001 - Login/L002 - Login with Locked Account (Positive)" status="PASSED">
         <system-out><![CDATA[2023-01-26 13:18:11 - [TEST_CASE][PASSED] - Test Cases/TC001 - Login/L002 - Login with Locked Account (Positive): Test Cases/TC001 - Login/L002 - Login with Locked Account (Positive)

2023-01-26 13:18:12 - [TEST_STEP][PASSED] - startApplication("C:\Users\Muhifa\Downloads\Android-MyDemoAppRN.1.2.0.build-231.apk", true): Started app at: 'C:\Users\Muhifa\Downloads\Android-MyDemoAppRN.1.2.0.build-231.apk'

2023-01-26 13:18:12 - [MESSAGE][INFO] - Detected NodeJS location: "C:\Program Files\nodejs\node.exe"

2023-01-26 13:18:14 - [MESSAGE][INFO] - Appium server started on port 63,797

2023-01-26 13:18:26 - [MESSAGE][PASSED] - Started app at: 'C:\Users\Muhifa\Downloads\Android-MyDemoAppRN.1.2.0.build-231.apk'

2023-01-26 13:18:26 - [TEST_STEP][PASSED] - tap(findTestObject("Object Repository/android.widget.ImageView (1)"), 0): Tapped on element 'Object Repository/android.widget.ImageView (1)'

2023-01-26 13:18:27 - [MESSAGE][WARNING] - Timeout '0' is invalid. Using default page load timeout: '30'

2023-01-26 13:18:27 - [MESSAGE][PASSED] - Tapped on element 'Object Repository/android.widget.ImageView (1)'

2023-01-26 13:18:27 - [TEST_STEP][PASSED] - tap(findTestObject("Object Repository/android.widget.TextView - Log In (1)"), 0): Tapped on element 'Object Repository/android.widget.TextView - Log In (1)'

2023-01-26 13:18:27 - [MESSAGE][WARNING] - Timeout '0' is invalid. Using default page load timeout: '30'

2023-01-26 13:18:29 - [MESSAGE][PASSED] - Tapped on element 'Object Repository/android.widget.TextView - Log In (1)'

2023-01-26 13:18:29 - [TEST_STEP][PASSED] - setText(findTestObject("Object Repository/android.widget.EditText (2)"), "alice@example.com", 0): Text 'alice@example.com' has been set to element 'Object Repository/android.widget.EditText (2)'

2023-01-26 13:18:29 - [MESSAGE][WARNING] - Timeout '0' is invalid. Using default page load timeout: '30'

2023-01-26 13:18:31 - [MESSAGE][PASSED] - Text 'alice@example.com' has been set to element 'Object Repository/android.widget.EditText (2)'

2023-01-26 13:18:31 - [TEST_STEP][PASSED] - setEncryptedText(findTestObject("Object Repository/android.widget.EditText (3)"), "dbXIBZ66cuht4KTRMDozZw==", 0): Encrypted text 'dbXIBZ66cuht4KTRMDozZw==' has been set to element 'Object Repository/android.widget.EditText (3)'

2023-01-26 13:18:31 - [MESSAGE][WARNING] - Timeout '0' is invalid. Using default page load timeout: '30'

2023-01-26 13:18:32 - [MESSAGE][PASSED] - Encrypted text 'dbXIBZ66cuht4KTRMDozZw==' has been set to element 'Object Repository/android.widget.EditText (3)'

2023-01-26 13:18:32 - [TEST_STEP][PASSED] - tap(findTestObject("Object Repository/android.widget.TextView - Login (1)"), 0): Tapped on element 'Object Repository/android.widget.TextView - Login (1)'

2023-01-26 13:18:32 - [MESSAGE][WARNING] - Timeout '0' is invalid. Using default page load timeout: '30'

2023-01-26 13:18:34 - [MESSAGE][PASSED] - Tapped on element 'Object Repository/android.widget.TextView - Login (1)'

2023-01-26 13:18:34 - [TEST_STEP][PASSED] - closeApplication(): Close app successfully

2023-01-26 13:18:35 - [MESSAGE][PASSED] - Close app successfully]]></system-out>
         <system-err><![CDATA[]]></system-err>
      </testcase>
      <testcase name="Test Cases/TC001 - Login/L003 - Login with wrong account" time="22.996" classname="Test Cases/TC001 - Login/L003 - Login with wrong account" status="PASSED">
         <system-out><![CDATA[2023-01-26 13:18:35 - [TEST_CASE][PASSED] - Test Cases/TC001 - Login/L003 - Login with wrong account: Test Cases/TC001 - Login/L003 - Login with wrong account

2023-01-26 13:18:35 - [TEST_STEP][PASSED] - startApplication("C:\Users\Muhifa\Downloads\Android-MyDemoAppRN.1.2.0.build-231.apk", true): Started app at: 'C:\Users\Muhifa\Downloads\Android-MyDemoAppRN.1.2.0.build-231.apk'

2023-01-26 13:18:35 - [MESSAGE][INFO] - Detected NodeJS location: "C:\Program Files\nodejs\node.exe"

2023-01-26 13:18:38 - [MESSAGE][INFO] - Appium server started on port 64,008

2023-01-26 13:18:50 - [MESSAGE][PASSED] - Started app at: 'C:\Users\Muhifa\Downloads\Android-MyDemoAppRN.1.2.0.build-231.apk'

2023-01-26 13:18:50 - [TEST_STEP][PASSED] - tap(findTestObject("Object Repository/android.widget.ImageView (3)"), 0): Tapped on element 'Object Repository/android.widget.ImageView (3)'

2023-01-26 13:18:50 - [MESSAGE][WARNING] - Timeout '0' is invalid. Using default page load timeout: '30'

2023-01-26 13:18:51 - [MESSAGE][PASSED] - Tapped on element 'Object Repository/android.widget.ImageView (3)'

2023-01-26 13:18:51 - [TEST_STEP][PASSED] - tap(findTestObject("Object Repository/android.widget.TextView - Log In (3)"), 0): Tapped on element 'Object Repository/android.widget.TextView - Log In (3)'

2023-01-26 13:18:51 - [MESSAGE][WARNING] - Timeout '0' is invalid. Using default page load timeout: '30'

2023-01-26 13:18:53 - [MESSAGE][PASSED] - Tapped on element 'Object Repository/android.widget.TextView - Log In (3)'

2023-01-26 13:18:53 - [TEST_STEP][PASSED] - setText(findTestObject("Object Repository/android.widget.EditText (7)"), "iqbal@example.com", 0): Text 'iqbal@example.com' has been set to element 'Object Repository/android.widget.EditText (7)'

2023-01-26 13:18:53 - [MESSAGE][WARNING] - Timeout '0' is invalid. Using default page load timeout: '30'

2023-01-26 13:18:55 - [MESSAGE][PASSED] - Text 'iqbal@example.com' has been set to element 'Object Repository/android.widget.EditText (7)'

2023-01-26 13:18:55 - [TEST_STEP][PASSED] - setText(findTestObject("Object Repository/android.widget.EditText (8)"), "qwerty123", 0): Text 'qwerty123' has been set to element 'Object Repository/android.widget.EditText (8)'

2023-01-26 13:18:55 - [MESSAGE][WARNING] - Timeout '0' is invalid. Using default page load timeout: '30'

2023-01-26 13:18:56 - [MESSAGE][PASSED] - Text 'qwerty123' has been set to element 'Object Repository/android.widget.EditText (8)'

2023-01-26 13:18:56 - [TEST_STEP][PASSED] - tap(findTestObject("Object Repository/android.widget.TextView - Login (3)"), 0): Tapped on element 'Object Repository/android.widget.TextView - Login (3)'

2023-01-26 13:18:56 - [MESSAGE][WARNING] - Timeout '0' is invalid. Using default page load timeout: '30'

2023-01-26 13:18:57 - [MESSAGE][PASSED] - Tapped on element 'Object Repository/android.widget.TextView - Login (3)'

2023-01-26 13:18:57 - [TEST_STEP][PASSED] - closeApplication(): Close app successfully

2023-01-26 13:18:58 - [MESSAGE][PASSED] - Close app successfully]]></system-out>
         <system-err><![CDATA[]]></system-err>
      </testcase>
      <system-out><![CDATA[2023-01-26 13:17:46 - [TEST_SUITE][PASSED] - Login: Test Cases/TC001 - Login/L003 - Login with wrong account]]></system-out>
      <system-err><![CDATA[]]></system-err>
   </testsuite>
</testsuites>
